# JRE version: OpenJDK Runtime Environment (8.0_76-b03) (build 1.8.0_76-release-b03)
# Java VM: OpenJDK 64-Bit Server VM (25.76-b03 mixed mode linux-amd64 compressed oops)
Heap:
 PSYoungGen      total 231936K, used 0K [0x00000000eab00000, 0x00000000fff00000, 0x0000000100000000)
  eden space 116736K, 0% used [0x00000000eab00000,0x00000000eab00000,0x00000000f1d00000)
  from space 115200K, 0% used [0x00000000f8e80000,0x00000000f8e80000,0x00000000fff00000)
  to   space 115712K, 0% used [0x00000000f1d00000,0x00000000f1d00000,0x00000000f8e00000)
 ParOldGen       total 230400K, used 221666K [0x00000000c0000000, 0x00000000ce100000, 0x00000000eab00000)
  object space 230400K, 96% used [0x00000000c0000000,0x00000000cd878b90,0x00000000ce100000)
 Metaspace       used 6398K, capacity 7216K, committed 7296K, reserved 1056768K
  class space    used 590K, capacity 616K, committed 640K, reserved 1048576K
GC Heap History (10 events):
Event: 16.174 GC heap after
Heap after GC invocations=10 (full 1):
 PSYoungGen      total 250368K, used 98786K [0x00000000eab00000, 0x0000000100000000, 0x0000000100000000)
  eden space 151552K, 0% used [0x00000000eab00000,0x00000000eab00000,0x00000000f3f00000)
  from space 98816K, 99% used [0x00000000f3f00000,0x00000000f9f78a50,0x00000000f9f80000)
  to   space 98816K, 0% used [0x00000000f9f80000,0x00000000f9f80000,0x0000000100000000)
 ParOldGen       total 220160K, used 153129K [0x00000000c0000000, 0x00000000cd700000, 0x00000000eab00000)
  object space 220160K, 69% used [0x00000000c0000000,0x00000000c958a4b0,0x00000000cd700000)
 Metaspace       used 6394K, capacity 7216K, committed 7296K, reserved 1056768K
  class space    used 590K, capacity 616K, committed 640K, reserved 1048576K
}
Event: 19.530 GC heap before
{Heap before GC invocations=11 (full 1):
 PSYoungGen      total 250368K, used 250338K [0x00000000eab00000, 0x0000000100000000, 0x0000000100000000)
  eden space 151552K, 100% used [0x00000000eab00000,0x00000000f3f00000,0x00000000f3f00000)
  from space 98816K, 99% used [0x00000000f3f00000,0x00000000f9f78a50,0x00000000f9f80000)
  to   space 98816K, 0% used [0x00000000f9f80000,0x00000000f9f80000,0x0000000100000000)
 ParOldGen       total 220160K, used 153129K [0x00000000c0000000, 0x00000000cd700000, 0x00000000eab00000)
  object space 220160K, 69% used [0x00000000c0000000,0x00000000c958a4b0,0x00000000cd700000)
 Metaspace       used 6398K, capacity 7216K, committed 7296K, reserved 1056768K
  class space    used 590K, capacity 616K, committed 640K, reserved 1048576K
Event: 21.950 GC heap after
Heap after GC invocations=11 (full 1):
 PSYoungGen      total 215552K, used 61077K [0x00000000eab00000, 0x0000000100000000, 0x0000000100000000)
  eden space 116736K, 0% used [0x00000000eab00000,0x00000000eab00000,0x00000000f1d00000)
  from space 98816K, 61% used [0x00000000f9f80000,0x00000000fdb256f0,0x0000000100000000)
  to   space 116224K, 0% used [0x00000000f1d00000,0x00000000f1d00000,0x00000000f8e80000)
 ParOldGen       total 220160K, used 219999K [0x00000000c0000000, 0x00000000cd700000, 0x00000000eab00000)
  object space 220160K, 99% used [0x00000000c0000000,0x00000000cd6d7cb8,0x00000000cd700000)
 Metaspace       used 6398K, capacity 7216K, committed 7296K, reserved 1056768K
  class space    used 590K, capacity 616K, committed 640K, reserved 1048576K
}
Event: 21.950 GC heap before
{Heap before GC invocations=12 (full 2):
 PSYoungGen      total 215552K, used 61077K [0x00000000eab00000, 0x0000000100000000, 0x0000000100000000)
  eden space 116736K, 0% used [0x00000000eab00000,0x00000000eab00000,0x00000000f1d00000)
  from space 98816K, 61% used [0x00000000f9f80000,0x00000000fdb256f0,0x0000000100000000)
  to   space 116224K, 0% used [0x00000000f1d00000,0x00000000f1d00000,0x00000000f8e80000)
 ParOldGen       total 220160K, used 219999K [0x00000000c0000000, 0x00000000cd700000, 0x00000000eab00000)
  object space 220160K, 99% used [0x00000000c0000000,0x00000000cd6d7cb8,0x00000000cd700000)
 Metaspace       used 6398K, capacity 7216K, committed 7296K, reserved 1056768K
  class space    used 590K, capacity 616K, committed 640K, reserved 1048576K
Event: 23.742 GC heap after
Heap after GC invocations=12 (full 2):
 PSYoungGen      total 215552K, used 0K [0x00000000eab00000, 0x0000000100000000, 0x0000000100000000)
  eden space 116736K, 0% used [0x00000000eab00000,0x00000000eab00000,0x00000000f1d00000)
  from space 98816K, 0% used [0x00000000f9f80000,0x00000000f9f80000,0x0000000100000000)
  to   space 116224K, 0% used [0x00000000f1d00000,0x00000000f1d00000,0x00000000f8e80000)
 ParOldGen       total 230400K, used 116631K [0x00000000c0000000, 0x00000000ce100000, 0x00000000eab00000)
  object space 230400K, 50% used [0x00000000c0000000,0x00000000c71e5de8,0x00000000ce100000)
 Metaspace       used 6398K, capacity 7216K, committed 7296K, reserved 1056768K
  class space    used 590K, capacity 616K, committed 640K, reserved 1048576K
}
Event: 25.290 GC heap before
{Heap before GC invocations=13 (full 2):
 PSYoungGen      total 215552K, used 116736K [0x00000000eab00000, 0x0000000100000000, 0x0000000100000000)
  eden space 116736K, 100% used [0x00000000eab00000,0x00000000f1d00000,0x00000000f1d00000)
  from space 98816K, 0% used [0x00000000f9f80000,0x00000000f9f80000,0x0000000100000000)
  to   space 116224K, 0% used [0x00000000f1d00000,0x00000000f1d00000,0x00000000f8e80000)
 ParOldGen       total 230400K, used 116631K [0x00000000c0000000, 0x00000000ce100000, 0x00000000eab00000)
  object space 230400K, 50% used [0x00000000c0000000,0x00000000c71e5de8,0x00000000ce100000)
 Metaspace       used 6398K, capacity 7216K, committed 7296K, reserved 1056768K
  class space    used 590K, capacity 616K, committed 640K, reserved 1048576K
Event: 25.394 GC heap after
Heap after GC invocations=13 (full 2):
 PSYoungGen      total 232960K, used 60236K [0x00000000eab00000, 0x0000000100000000, 0x0000000100000000)
  eden space 116736K, 0% used [0x00000000eab00000,0x00000000eab00000,0x00000000f1d00000)
  from space 116224K, 51% used [0x00000000f1d00000,0x00000000f57d31e0,0x00000000f8e80000)
  to   space 116224K, 0% used [0x00000000f8e80000,0x00000000f8e80000,0x0000000100000000)
 ParOldGen       total 230400K, used 116631K [0x00000000c0000000, 0x00000000ce100000, 0x00000000eab00000)
  object space 230400K, 50% used [0x00000000c0000000,0x00000000c71e5de8,0x00000000ce100000)
 Metaspace       used 6398K, capacity 7216K, committed 7296K, reserved 1056768K
  class space    used 590K, capacity 616K, committed 640K, reserved 1048576K
}
Event: 25.711 GC heap before
{Heap before GC invocations=14 (full 2):
 PSYoungGen      total 232960K, used 176972K [0x00000000eab00000, 0x0000000100000000, 0x0000000100000000)
  eden space 116736K, 100% used [0x00000000eab00000,0x00000000f1d00000,0x00000000f1d00000)
  from space 116224K, 51% used [0x00000000f1d00000,0x00000000f57d31e0,0x00000000f8e80000)
  to   space 116224K, 0% used [0x00000000f8e80000,0x00000000f8e80000,0x0000000100000000)
 ParOldGen       total 230400K, used 116631K [0x00000000c0000000, 0x00000000ce100000, 0x00000000eab00000)
  object space 230400K, 50% used [0x00000000c0000000,0x00000000c71e5de8,0x00000000ce100000)
 Metaspace       used 6398K, capacity 7216K, committed 7296K, reserved 1056768K
  class space    used 590K, capacity 616K, committed 640K, reserved 1048576K
Event: 25.779 GC heap after
Heap after GC invocations=14 (full 2):
 PSYoungGen      total 231936K, used 53490K [0x00000000eab00000, 0x00000000fff00000, 0x0000000100000000)
  eden space 116736K, 0% used [0x00000000eab00000,0x00000000eab00000,0x00000000f1d00000)
  from space 115200K, 46% used [0x00000000f8e80000,0x00000000fc2bc9a8,0x00000000fff00000)
  to   space 115712K, 0% used [0x00000000f1d00000,0x00000000f1d00000,0x00000000f8e00000)
 ParOldGen       total 230400K, used 178265K [0x00000000c0000000, 0x00000000ce100000, 0x00000000eab00000)
  object space 230400K, 77% used [0x00000000c0000000,0x00000000cae164c0,0x00000000ce100000)
 Metaspace       used 6398K, capacity 7216K, committed 7296K, reserved 1056768K
  class space    used 590K, capacity 616K, committed 640K, reserved 1048576K
}
Event: 25.779 GC heap before
{Heap before GC invocations=15 (full 3):
 PSYoungGen      total 231936K, used 53490K [0x00000000eab00000, 0x00000000fff00000, 0x0000000100000000)
  eden space 116736K, 0% used [0x00000000eab00000,0x00000000eab00000,0x00000000f1d00000)
  from space 115200K, 46% used [0x00000000f8e80000,0x00000000fc2bc9a8,0x00000000fff00000)
  to   space 115712K, 0% used [0x00000000f1d00000,0x00000000f1d00000,0x00000000f8e00000)
 ParOldGen       total 230400K, used 178265K [0x00000000c0000000, 0x00000000ce100000, 0x00000000eab00000)
  object space 230400K, 77% used [0x00000000c0000000,0x00000000cae164c0,0x00000000ce100000)
 Metaspace       used 6398K, capacity 7216K, committed 7296K, reserved 1056768K
  class space    used 590K, capacity 616K, committed 640K, reserved 1048576K

